2018年 10月 16日 星期二 16:47:31 CST
do s
2018年 10月 16日 星期二 16:47:36 CST
do q
2018年 10月 16日 星期二 16:50:03 CST
do s
2018年 10月 16日 星期二 16:50:08 CST
do q
2018年 10月 16日 星期二 16:54:23 CST
do student s
2018年 10月 16日 星期二 16:54:31 CST
do student d
2018年 10月 16日 星期二 16:54:36 CST
do student q
2018年 10月 16日 星期二 16:54:44 CST
do s
2018年 10月 16日 星期二 16:54:49 CST
do q
2018年 10月 16日 星期二 16:56:47 CST
do student s
2018年 10月 16日 星期二 16:56:56 CST
do student s
2018年 10月 16日 星期二 16:57:04 CST
do student s
2018年 10月 16日 星期二 16:57:54 CST
do student s
2018年 10月 16日 星期二 16:58:04 CST
do student s
2018年 10月 16日 星期二 16:59:41 CST
 : do student s
2018年 10月 16日 星期二 16:59:52 CST
 : do student s
2018年 10月 16日 星期二 17:01:37 CST
 : do student s
2018年 10月 16日 星期二 17:01:47 CST
 : do student s
2018年 10月 16日 星期二 17:02:37 CST
 : do curriculum s
2018年 10月 16日 星期二 17:02:46 CST
 : do curriculum s
2018年 10月 16日 星期二 17:04:27 CST
 : do curriculum q
2018年 10月 16日 星期二 17:04:33 CST
 : do curriculum s
2018年 10月 16日 星期二 17:04:39 CST
 : do curriculum a
2018年 10月 16日 星期二 17:06:27 CST
 : do curriculum s
2018年 10月 16日 星期二 17:06:34 CST
 : do curriculum a
2018年 10月 16日 星期二 17:06:52 CST
 : do curriculum d
2018年 10月 16日 星期二 17:07:03 CST
 : do curriculum s
2018年 10月 16日 星期二 17:07:52 CST
 : do curriculum q
2018年 10月 16日 星期二 17:08:43 CST
 : do student s
2018年 10月 16日 星期二 17:08:47 CST
 : do student 2
2018年 10月 16日 星期二 17:08:48 CST
 : do student c
2018年 10月 16日 星期二 17:09:38 CST
 : do student s
2018年 10月 16日 星期二 17:09:43 CST
 : do student d
2018年 10月 16日 星期二 17:09:49 CST
 : do student s
2018年 10月 16日 星期二 17:11:16 CST
 : do student a
2018年 10月 16日 星期二 17:11:25 CST
 : do student s
2018年 10月 16日 星期二 17:11:31 CST
 : do student s
2018年 10月 16日 星期二 17:12:14 CST
 : do curriculum s
2018年 10月 16日 星期二 17:12:18 CST
 : do curriculum q
2018年 10月 16日 星期二 17:12:21 CST
 : do student w
2018年 10月 16日 星期二 17:12:25 CST
 : do student 3
2018年 10月 16日 星期二 17:12:27 CST
 : do student s
2018年 10月 16日 星期二 17:12:38 CST
 : do student q
2018年 10月 16日 星期二 17:12:42 CST
 : do curriculum s
2018年 10月 16日 星期二 17:12:47 CST
 : do curriculum q
2018年 10月 16日 星期二 17:30:10 CST
do student s
2018年 10月 16日 星期二 17:30:19 CST
do student d
2018年 10月 16日 星期二 17:32:34 CST
do curriculum s
2018年 10月 16日 星期二 17:32:42 CST
do curriculum q
2018年 10月 16日 星期二 17:34:51 CST
do student s
2018年 10月 16日 星期二 17:34:57 CST
do student q
2018年 10月 16日 星期二 17:35:00 CST
do curriculum s
2018年 10月 16日 星期二 17:35:05 CST
do curriculum q
2018年 10月 16日 星期二 17:36:48 CST
do student s
2018年 10月 16日 星期二 17:38:00 CST
do student q
2018年 10月 16日 星期二 17:38:24 CST
do student s
2018年 10月 16日 星期二 17:38:27 CST
do student 2
2018年 10月 16日 星期二 19:49:45 CST
do student s
